<?xml version="1.0" encoding="UTF-8"?>
<!-- Generated by org.testng.reporters.JUnitXMLReporter -->
<testsuite ignored="0" hostname="DESKTOP-DB37RA4" failures="0" tests="3" name="Default test" time="0.085" errors="0" timestamp="17 Mar 2021 12:58:34 GMT">
  <testcase classname="org.testng.demo.Testng1" name="tc2" time="0.018"/>
  <testcase classname="org.testng.demo.Testng1" name="tc1" time="0.01"/>
  <testcase classname="org.testng.demo.Testng1" name="tc0" time="0.004"/>
</testsuite> <!-- Default test -->
