<?xml version="1.0" encoding="UTF-8"?>
<testng-results ignored="0" total="3" passed="3" failed="0" skipped="0">
  <reporter-output>
  </reporter-output>
  <suite started-at="2021-03-17T12:58:34Z" name="Default suite" finished-at="2021-03-17T12:58:34Z" duration-ms="85">
    <groups>
    </groups>
    <test started-at="2021-03-17T12:58:34Z" name="Default test" finished-at="2021-03-17T12:58:34Z" duration-ms="85">
      <class name="org.testng.demo.Testng1">
        <test-method signature="tc2()[pri:-3, instance:org.testng.demo.Testng1@3406472c]" started-at="2021-03-17T12:58:34Z" name="tc2" finished-at="2021-03-17T12:58:34Z" duration-ms="18" status="PASS">
          <reporter-output>
          </reporter-output>
        </test-method> <!-- tc2 -->
        <test-method signature="tc1()[pri:-1, instance:org.testng.demo.Testng1@3406472c]" started-at="2021-03-17T12:58:34Z" name="tc1" finished-at="2021-03-17T12:58:34Z" duration-ms="10" status="PASS">
          <reporter-output>
          </reporter-output>
        </test-method> <!-- tc1 -->
        <test-method signature="tc0()[pri:2, instance:org.testng.demo.Testng1@3406472c]" started-at="2021-03-17T12:58:34Z" name="tc0" finished-at="2021-03-17T12:58:34Z" duration-ms="4" status="PASS">
          <reporter-output>
          </reporter-output>
        </test-method> <!-- tc0 -->
      </class> <!-- org.testng.demo.Testng1 -->
    </test> <!-- Default test -->
  </suite> <!-- Default suite -->
</testng-results>
